<?xml version="1.0" encoding="UTF-8"?>
<!-- Generated by org.testng.reporters.JUnitReportReporter -->
<testsuite hostname="apples-MacBook-Air.local" failures="0" tests="1" name="Project_Appium.Demo_Appium.FirstAppium" time="15.736" errors="0" timestamp="2024-10-21T12:24:04 IST" skipped="0">
  <testcase classname="Project_Appium.Demo_Appium.FirstAppium" name="WifiSettingName" time="15.736"/>
</testsuite> <!-- Project_Appium.Demo_Appium.FirstAppium -->
