<?xml version="1.0" encoding="UTF-8"?>
<!-- Generated by org.testng.reporters.JUnitReportReporter -->
<testsuite hostname="apples-MacBook-Air.local" failures="0" tests="1" name="Project_Appium.Demo_Appium.ScrollDemo" time="26.771" errors="0" timestamp="2024-10-24T18:30:34 IST" skipped="0">
  <testcase classname="Project_Appium.Demo_Appium.ScrollDemo" name="ScrollDemoTest" time="26.771"/>
</testsuite> <!-- Project_Appium.Demo_Appium.ScrollDemo -->
