<?xml version="1.0" encoding="UTF-8"?>
<!-- Generated by org.testng.reporters.JUnitReportReporter -->
<testsuite hostname="apples-MacBook-Air.local" failures="0" tests="1" name="Project_Appium.Demo_Appium.MiscellaneousActivities" time="27.879" errors="0" timestamp="2024-10-31T00:10:16 IST" skipped="0">
  <testcase classname="Project_Appium.Demo_Appium.MiscellaneousActivities" name="MiscellaneousActions" time="27.879"/>
</testsuite> <!-- Project_Appium.Demo_Appium.MiscellaneousActivities -->
