<?xml version="1.0" encoding="UTF-8"?>
<!-- Generated by org.testng.reporters.JUnitReportReporter -->
<testsuite hostname="apples-MacBook-Air.local" failures="0" tests="1" name="Project_Appium.Demo_Appium.LongPress" time="15.872" errors="0" timestamp="2024-10-24T17:46:43 IST" skipped="0">
  <testcase classname="Project_Appium.Demo_Appium.LongPress" name="LongPressGesture" time="15.872"/>
</testsuite> <!-- Project_Appium.Demo_Appium.LongPress -->
