<?xml version="1.0" encoding="UTF-8"?>
<!-- Generated by org.testng.reporters.JUnitReportReporter -->
<testsuite hostname="apples-MacBook-Air.local" failures="0" tests="1" name="Project_Appium.Demo_Appium.DragAndDrop" time="13.971" errors="0" timestamp="2024-10-29T12:18:48 IST" skipped="0">
  <testcase classname="Project_Appium.Demo_Appium.DragAndDrop" name="DragDropTest" time="13.971"/>
</testsuite> <!-- Project_Appium.Demo_Appium.DragAndDrop -->
