<?xml version="1.0" encoding="UTF-8"?>
<!-- Generated by org.testng.reporters.JUnitReportReporter -->
<testsuite hostname="apples-MacBook-Air.local" failures="0" tests="1" name="Project_Appium.Demo_Appium.SwipeDemo" time="14.779" errors="0" timestamp="2024-10-26T12:57:31 IST" skipped="0">
  <testcase classname="Project_Appium.Demo_Appium.SwipeDemo" name="SwipeDemoTest" time="14.779"/>
</testsuite> <!-- Project_Appium.Demo_Appium.SwipeDemo -->
